1660489840317	geckodriver	INFO	Listening on 127.0.0.1:60391
1660489840731	mozrunner::runner	INFO	Running command: "/Applications/Firefox.app/Contents/MacOS/firefox-bin" "--marionette" "--remote-debugging-port" "60392" "--remote-allow-hosts" "localhost" "-foreground" "-no-remote" "-profile" "/var/folders/3g/sjt3rw9n49935_vggvq_qrn00000gn/T/rust_mozprofilewJNJO5"
2022-08-14 22:10:41.062 plugin-container[59175:4287605] nil host used in call to allowsSpecificHTTPSCertificateForHost
2022-08-14 22:10:41.062 plugin-container[59175:4287605] nil host used in call to allowsAnyHTTPSCertificateForHost:
1660489841073	Marionette	INFO	Marionette enabled
2022-08-14 22:10:41.111 plugin-container[59175:4287605] nil host used in call to allowsSpecificHTTPSCertificateForHost
2022-08-14 22:10:41.111 plugin-container[59175:4287605] nil host used in call to allowsAnyHTTPSCertificateForHost:
2022-08-14 22:10:41.112 plugin-container[59175:4287639] nil host used in call to allowsSpecificHTTPSCertificateForHost
2022-08-14 22:10:41.112 plugin-container[59175:4287639] nil host used in call to allowsAnyHTTPSCertificateForHost:
1660489841115	Marionette	INFO	Listening on port 60401
WebDriver BiDi listening on ws://localhost:60392
Read port: 60401
1660489841256	RemoteAgent	WARN	TLS certificate errors will be ignored for this session
console.warn: SearchSettings: "get: No settings file exists, new profile?" (new NotFoundError("Could not open the file at /var/folders/3g/sjt3rw9n49935_vggvq_qrn00000gn/T/rust_mozprofilewJNJO5/search.json.mozlz4", (void 0)))
DevTools listening on ws://localhost:60392/devtools/browser/93d63b4c-785b-4ef1-bc50-822f606f4463
UNSUPPORTED (log once): POSSIBLE ISSUE: unit 1 GLD_TEXTURE_INDEX_2D is unloadable and bound to sampler type (Float) - using zero texture because texture unloadable
JavaScript error: https://media.ethicalads.io/media/client/v1.4.0/ethicalads.min.js, line 1: Error: No ad placements found.
JavaScript error: resource:///actors/FormValidationChild.jsm, line 184: TypeError: this._element is null
1660489888191	geckodriver	INFO	Listening on 127.0.0.1:60645
1660489888623	mozrunner::runner	INFO	Running command: "/Applications/Firefox.app/Contents/MacOS/firefox-bin" "--marionette" "--remote-debugging-port" "60646" "--remote-allow-hosts" "localhost" "-foreground" "-no-remote" "-profile" "/var/folders/3g/sjt3rw9n49935_vggvq_qrn00000gn/T/rust_mozprofiletNUYsw"
1660489888955	Marionette	INFO	Marionette enabled
2022-08-14 22:11:28.971 plugin-container[59208:4288454] nil host used in call to allowsSpecificHTTPSCertificateForHost
2022-08-14 22:11:28.971 plugin-container[59208:4288454] nil host used in call to allowsAnyHTTPSCertificateForHost:
2022-08-14 22:11:28.992 plugin-container[59208:4288454] nil host used in call to allowsSpecificHTTPSCertificateForHost
2022-08-14 22:11:28.992 plugin-container[59208:4288454] nil host used in call to allowsAnyHTTPSCertificateForHost:
2022-08-14 22:11:28.992 plugin-container[59208:4288484] nil host used in call to allowsSpecificHTTPSCertificateForHost
2022-08-14 22:11:28.992 plugin-container[59208:4288484] nil host used in call to allowsAnyHTTPSCertificateForHost:
1660489889134	Marionette	INFO	Listening on port 60656
WebDriver BiDi listening on ws://localhost:60646
Read port: 60656
1660489889216	RemoteAgent	WARN	TLS certificate errors will be ignored for this session
console.warn: SearchSettings: "get: No settings file exists, new profile?" (new NotFoundError("Could not open the file at /var/folders/3g/sjt3rw9n49935_vggvq_qrn00000gn/T/rust_mozprofiletNUYsw/search.json.mozlz4", (void 0)))
DevTools listening on ws://localhost:60646/devtools/browser/47659403-e1a9-4173-9b3a-0686017a4568
UNSUPPORTED (log once): POSSIBLE ISSUE: unit 1 GLD_TEXTURE_INDEX_2D is unloadable and bound to sampler type (Float) - using zero texture because texture unloadable
1660489927067	geckodriver	INFO	Listening on 127.0.0.1:60857
1660489927490	mozrunner::runner	INFO	Running command: "/Applications/Firefox.app/Contents/MacOS/firefox-bin" "--marionette" "--remote-debugging-port" "60858" "--remote-allow-hosts" "localhost" "-foreground" "-no-remote" "-profile" "/var/folders/3g/sjt3rw9n49935_vggvq_qrn00000gn/T/rust_mozprofileWaJ9sP"
1660489927808	Marionette	INFO	Marionette enabled
2022-08-14 22:12:07.825 plugin-container[59239:4289234] nil host used in call to allowsSpecificHTTPSCertificateForHost
2022-08-14 22:12:07.825 plugin-container[59239:4289234] nil host used in call to allowsAnyHTTPSCertificateForHost:
2022-08-14 22:12:07.860 plugin-container[59239:4289234] nil host used in call to allowsSpecificHTTPSCertificateForHost
2022-08-14 22:12:07.860 plugin-container[59239:4289234] nil host used in call to allowsAnyHTTPSCertificateForHost:
2022-08-14 22:12:07.861 plugin-container[59239:4289272] nil host used in call to allowsSpecificHTTPSCertificateForHost
2022-08-14 22:12:07.861 plugin-container[59239:4289272] nil host used in call to allowsAnyHTTPSCertificateForHost:
1660489927982	Marionette	INFO	Listening on port 60867
WebDriver BiDi listening on ws://localhost:60858
Read port: 60867
1660489928050	RemoteAgent	WARN	TLS certificate errors will be ignored for this session
console.warn: SearchSettings: "get: No settings file exists, new profile?" (new NotFoundError("Could not open the file at /var/folders/3g/sjt3rw9n49935_vggvq_qrn00000gn/T/rust_mozprofileWaJ9sP/search.json.mozlz4", (void 0)))
DevTools listening on ws://localhost:60858/devtools/browser/303e2428-7279-42b9-8674-1faa446e5bbf
UNSUPPORTED (log once): POSSIBLE ISSUE: unit 1 GLD_TEXTURE_INDEX_2D is unloadable and bound to sampler type (Float) - using zero texture because texture unloadable
1660490059096	geckodriver	INFO	Listening on 127.0.0.1:61545
1660490059527	mozrunner::runner	INFO	Running command: "/Applications/Firefox.app/Contents/MacOS/firefox-bin" "--marionette" "--remote-debugging-port" "61546" "--remote-allow-hosts" "localhost" "-foreground" "-no-remote" "-profile" "/var/folders/3g/sjt3rw9n49935_vggvq_qrn00000gn/T/rust_mozprofilekQpzxB"
1660490059869	Marionette	INFO	Marionette enabled
2022-08-14 22:14:19.872 plugin-container[59331:4291704] nil host used in call to allowsSpecificHTTPSCertificateForHost
2022-08-14 22:14:19.877 plugin-container[59331:4291704] nil host used in call to allowsAnyHTTPSCertificateForHost:
1660490059899	Marionette	INFO	Listening on port 61555
WebDriver BiDi listening on ws://localhost:61546
2022-08-14 22:14:19.915 plugin-container[59331:4291704] nil host used in call to allowsSpecificHTTPSCertificateForHost
2022-08-14 22:14:19.916 plugin-container[59331:4291704] nil host used in call to allowsAnyHTTPSCertificateForHost:
2022-08-14 22:14:19.917 plugin-container[59331:4291723] nil host used in call to allowsSpecificHTTPSCertificateForHost
2022-08-14 22:14:19.917 plugin-container[59331:4291723] nil host used in call to allowsAnyHTTPSCertificateForHost:
Read port: 61555
1660490060070	RemoteAgent	WARN	TLS certificate errors will be ignored for this session
console.warn: SearchSettings: "get: No settings file exists, new profile?" (new NotFoundError("Could not open the file at /var/folders/3g/sjt3rw9n49935_vggvq_qrn00000gn/T/rust_mozprofilekQpzxB/search.json.mozlz4", (void 0)))
DevTools listening on ws://localhost:61546/devtools/browser/0b96a47c-e363-4d02-b7f8-4ac1e27a4a6c
UNSUPPORTED (log once): POSSIBLE ISSUE: unit 1 GLD_TEXTURE_INDEX_2D is unloadable and bound to sampler type (Float) - using zero texture because texture unloadable
1660490136708	geckodriver	INFO	Listening on 127.0.0.1:61927
1660490137144	mozrunner::runner	INFO	Running command: "/Applications/Firefox.app/Contents/MacOS/firefox-bin" "--marionette" "--remote-debugging-port" "61928" "--remote-allow-hosts" "localhost" "-foreground" "-no-remote" "-profile" "/var/folders/3g/sjt3rw9n49935_vggvq_qrn00000gn/T/rust_mozprofile03zDkH"
2022-08-14 22:15:37.460 plugin-container[59380:4293130] nil host used in call to allowsSpecificHTTPSCertificateForHost
2022-08-14 22:15:37.460 plugin-container[59380:4293130] nil host used in call to allowsAnyHTTPSCertificateForHost:
1660490137466	Marionette	INFO	Marionette enabled
2022-08-14 22:15:37.497 plugin-container[59380:4293130] nil host used in call to allowsSpecificHTTPSCertificateForHost
2022-08-14 22:15:37.497 plugin-container[59380:4293130] nil host used in call to allowsAnyHTTPSCertificateForHost:
2022-08-14 22:15:37.498 plugin-container[59380:4293161] nil host used in call to allowsSpecificHTTPSCertificateForHost
2022-08-14 22:15:37.498 plugin-container[59380:4293161] nil host used in call to allowsAnyHTTPSCertificateForHost:
1660490137645	Marionette	INFO	Listening on port 61937
WebDriver BiDi listening on ws://localhost:61928
Read port: 61937
1660490137717	RemoteAgent	WARN	TLS certificate errors will be ignored for this session
console.warn: SearchSettings: "get: No settings file exists, new profile?" (new NotFoundError("Could not open the file at /var/folders/3g/sjt3rw9n49935_vggvq_qrn00000gn/T/rust_mozprofile03zDkH/search.json.mozlz4", (void 0)))
DevTools listening on ws://localhost:61928/devtools/browser/84062c2b-091e-44fe-acaa-c60a3cb58809
UNSUPPORTED (log once): POSSIBLE ISSUE: unit 1 GLD_TEXTURE_INDEX_2D is unloadable and bound to sampler type (Float) - using zero texture because texture unloadable
console.error: services.settings: 
  Message: NetworkError: Network error: TypeError: NetworkError: Network request failed
  Stack:
    APIError@resource://services-settings/RemoteSettingsClient.jsm:117:1
NetworkError@resource://services-settings/RemoteSettingsClient.jsm:121:5
_adjustedError@resource://services-settings/RemoteSettingsClient.jsm:859:14
maybeSync@resource://services-settings/RemoteSettingsClient.jsm:764:38

console.error: services.settings: 
  security-state/cert-revocations Signature failed  TypeError: NetworkError: Network request failed
console.error: services.settings: 
  Message: NetworkError: Network error: TypeError: NetworkError: Network request failed
  Stack:
    APIError@resource://services-settings/RemoteSettingsClient.jsm:117:1
NetworkError@resource://services-settings/RemoteSettingsClient.jsm:121:5
_adjustedError@resource://services-settings/RemoteSettingsClient.jsm:859:14
maybeSync@resource://services-settings/RemoteSettingsClient.jsm:764:38

1660533719486	Marionette	INFO	Stopped listening on port 60401
console.warn: TopSitesFeed: Failed to fetch data from Contile server: NetworkError when attempting to fetch resource.
1660533722099	Marionette	INFO	Stopped listening on port 60656
console.warn: TopSitesFeed: Failed to fetch data from Contile server: NetworkError when attempting to fetch resource.
1660533724576	Marionette	INFO	Stopped listening on port 60867
console.warn: TopSitesFeed: Failed to fetch data from Contile server: NetworkError when attempting to fetch resource.
1660533727874	Marionette	INFO	Stopped listening on port 61555
console.warn: TopSitesFeed: Failed to fetch data from Contile server: NetworkError when attempting to fetch resource.
1660533729856	Marionette	INFO	Stopped listening on port 61937
